<?xml version="1.0" encoding="UTF-8"?>
<!-- Generated by org.testng.reporters.JUnitXMLReporter -->
<testsuite hostname="LAPTOP-H3NEN01C" ignored="0" name="Command line test" tests="4" failures="0" timestamp="31 Dec 2021 04:25:34 GMT" time="0.052" errors="0">
  <testcase name="createContactTest" time="0.011" classname="com.crm.autodesk.contactTest.ContactTest"/>
  <testcase name="updateContactTest" time="0.0" classname="com.crm.autodesk.contactTest.ContactTest"/>
  <testcase name="createOrgTest" time="0.0" classname="com.crm.autodesk.orgTest.CreateOrgTest"/>
  <testcase name="updateOrgTest" time="0.0" classname="com.crm.autodesk.orgTest.CreateOrgTest"/>
</testsuite> <!-- Command line test -->
