<?xml version="1.0" encoding="UTF-8"?>
<testng-results skipped="0" failed="0" ignored="0" total="4" passed="4">
  <reporter-output>
  </reporter-output>
  <suite name="Command line suite" duration-ms="52" started-at="2021-12-31T04:25:34Z" finished-at="2021-12-31T04:25:34Z">
    <groups>
      <group name="regression test">
        <method signature="CreateOrgTest.createOrgTest()[pri:0, instance:com.crm.autodesk.orgTest.CreateOrgTest@6108b2d7]" name="createOrgTest" class="com.crm.autodesk.orgTest.CreateOrgTest"/>
        <method signature="CreateOrgTest.updateOrgTest()[pri:0, instance:com.crm.autodesk.orgTest.CreateOrgTest@6108b2d7]" name="updateOrgTest" class="com.crm.autodesk.orgTest.CreateOrgTest"/>
      </group> <!-- regression test -->
      <group name="smokeTest">
        <method signature="ContactTest.createContactTest()[pri:0, instance:com.crm.autodesk.contactTest.ContactTest@566776ad]" name="createContactTest" class="com.crm.autodesk.contactTest.ContactTest"/>
        <method signature="ContactTest.updateContactTest()[pri:0, instance:com.crm.autodesk.contactTest.ContactTest@566776ad]" name="updateContactTest" class="com.crm.autodesk.contactTest.ContactTest"/>
      </group> <!-- smokeTest -->
    </groups>
    <test name="Command line test" duration-ms="52" started-at="2021-12-31T04:25:34Z" finished-at="2021-12-31T04:25:34Z">
      <class name="com.crm.autodesk.contactTest.ContactTest">
        <test-method status="PASS" signature="createContactTest()[pri:0, instance:com.crm.autodesk.contactTest.ContactTest@566776ad]" name="createContactTest" duration-ms="11" started-at="2021-12-31T04:25:34Z" finished-at="2021-12-31T04:25:34Z">
          <reporter-output>
          </reporter-output>
        </test-method> <!-- createContactTest -->
        <test-method status="PASS" signature="updateContactTest()[pri:0, instance:com.crm.autodesk.contactTest.ContactTest@566776ad]" name="updateContactTest" duration-ms="0" started-at="2021-12-31T04:25:34Z" finished-at="2021-12-31T04:25:34Z">
          <reporter-output>
          </reporter-output>
        </test-method> <!-- updateContactTest -->
      </class> <!-- com.crm.autodesk.contactTest.ContactTest -->
      <class name="com.crm.autodesk.orgTest.CreateOrgTest">
        <test-method status="PASS" signature="createOrgTest()[pri:0, instance:com.crm.autodesk.orgTest.CreateOrgTest@6108b2d7]" name="createOrgTest" duration-ms="0" started-at="2021-12-31T04:25:34Z" finished-at="2021-12-31T04:25:34Z">
          <reporter-output>
          </reporter-output>
        </test-method> <!-- createOrgTest -->
        <test-method status="PASS" signature="updateOrgTest()[pri:0, instance:com.crm.autodesk.orgTest.CreateOrgTest@6108b2d7]" name="updateOrgTest" duration-ms="0" started-at="2021-12-31T04:25:34Z" finished-at="2021-12-31T04:25:34Z">
          <reporter-output>
          </reporter-output>
        </test-method> <!-- updateOrgTest -->
      </class> <!-- com.crm.autodesk.orgTest.CreateOrgTest -->
    </test> <!-- Command line test -->
  </suite> <!-- Command line suite -->
</testng-results>
