<?xml version="1.0" encoding="UTF-8" ?>
<testsuite tests="4" failures="0" name="TestSuite" time="0.016" errors="0" skipped="0">
  <properties>
[...]
</properties>
  <testcase classname="com.crm.autodesk.contactTest.ContactTest" name="createContactTest" time="0.013"/>
  <testcase classname="com.crm.autodesk.contactTest.ContactTest" name="updateContactTest" time="0.001"/>
  <testcase classname="com.crm.autodesk.orgTest.CreateOrgTest" name="createOrgTest" time="0.001"/>
  <testcase classname="com.crm.autodesk.orgTest.CreateOrgTest" name="updateOrgTest" time="0.001"/>
</testsuite>